[2020-10-23 15:50:40,894] [devices:103] [INFO] [------------------------------------- Execute TestCases -----------------------------------------------]
[2020-10-23 15:50:59,053] [devices:102] [INFO] [------------------------------------- Execute TestCases -----------------------------------------------]
[2020-10-23 15:52:21,777] [devices:103] [INFO] [------------------------------------- Execute TestCases -----------------------------------------------]
[2020-10-23 15:52:25,359] [devices:103] [INFO] [------------------------------------- Execute TestCases -----------------------------------------------]
[2020-10-23 15:56:42,149] [devices:103] [INFO] [------------------------------------- Execute TestCases -----------------------------------------------]
[2020-10-23 15:56:45,188] [devices:103] [INFO] [------------------------------------- Execute TestCases -----------------------------------------------]
[2020-10-23 15:56:45,325] [devices:123] [INFO] [====================================== [API用例表：HES API TestCase] ===================================================]
[2020-10-23 15:56:48,442] [devices:299] [INFO] [[用例编号：001] [用例标题:DeviceTime相关:对在线DCU读取时间] >>> GET: http://hes-api.cas.ivy/Mdm/getTime {'deviceNo': '119190000109', 'deviceType': '10', 'transactionId': '1', 'taskType': '0', 'api-version': '1.0'} done!]
[2020-10-23 15:56:48,443] [devices:302] [INFO] [[用例编号：001] [接口响应值] >>> {'code': 200, 'desc': 'Ok', 'deviceNo': '119190000109', 'transactionId': '1', 'parameter': None, 'data': {'year': 2020, 'month': 10, 'day': 23, 'hour': 15, 'minute': 56, 'second': 45}}]
[2020-10-23 15:56:48,443] [devices:303] [INFO] [[用例编号：001] >>> [响应code: 200] [响应时间: 3.110428s]]
[2020-10-23 15:56:48,444] [devices:305] [INFO] [--------------------------------------------------------------------------------]
[2020-10-23 15:56:48,631] [devices:299] [INFO] [[用例编号：002] [用例标题:DeviceTime相关:对离线DCU读取时间] >>> GET: http://hes-api.cas.ivy/Mdm/getTime {'deviceNo': '129191000002', 'deviceType': '10', 'transactionId': '1', 'taskType': '0', 'api-version': '1.0'} done!]
[2020-10-23 15:56:48,631] [devices:302] [INFO] [[用例编号：002] [接口响应值] >>> {'code': 500, 'desc': 'Master device 129191000002 offline!', 'deviceNo': None, 'transactionId': None, 'parameter': None, 'data': None}]
[2020-10-23 15:56:48,632] [devices:303] [INFO] [[用例编号：002] >>> [响应code: 200] [响应时间: 0.026731s]]
[2020-10-23 15:56:48,632] [devices:305] [INFO] [--------------------------------------------------------------------------------]
[2020-10-23 15:56:48,740] [devices:299] [INFO] [[用例编号：003] [用例标题:DeviceTime相关:对不存在DCU读取时间] >>> GET: http://hes-api.cas.ivy/Mdm/getTime {'deviceNo': '800000000000', 'deviceType': '10', 'transactionId': '1', 'taskType': '0', 'api-version': '1.0'} done!]
[2020-10-23 15:56:48,741] [devices:302] [INFO] [[用例编号：003] [接口响应值] >>> {'code': 500, 'desc': 'DCU No.(800000000000) is not found', 'deviceNo': None, 'transactionId': None, 'parameter': None, 'data': None}]
[2020-10-23 15:56:48,741] [devices:303] [INFO] [[用例编号：003] >>> [响应code: 200] [响应时间: 0.026895s]]
[2020-10-23 15:56:48,741] [devices:305] [INFO] [--------------------------------------------------------------------------------]
[2020-10-23 15:56:48,877] [devices:299] [INFO] [[用例编号：004] [用例标题:DeviceTime相关:对在线的DCU设置时间] >>> POST: http://hes-api.cas.ivy/Mdm/setTime {'deviceNo': '900000000000', 'transactionId': '1', 'deviceType': '10', 'taskType': '0', 'year': '2020', 'month': '04', 'day': '04', 'hour': '23', 'minute': '23', 'second': '23'} done!]
[2020-10-23 15:56:48,877] [devices:302] [INFO] [[用例编号：004] [接口响应值] >>> {'code': 500, 'desc': 'DCU No.(900000000000) is not found', 'deviceNo': None, 'transactionId': None, 'parameter': None, 'data': None}]
[2020-10-23 15:56:48,878] [devices:303] [INFO] [[用例编号：004] >>> [响应code: 200] [响应时间: 0.034277s]]
[2020-10-23 15:56:48,878] [devices:305] [INFO] [--------------------------------------------------------------------------------]
[2020-10-23 15:56:48,956] [devices:299] [INFO] [[用例编号：005] [用例标题:DeviceTime相关:对离线的DCU设置时间] >>> POST: http://hes-api.cas.ivy/Mdm/setTime {'deviceNo': '129191000002', 'transactionId': '1', 'deviceType': '10', 'taskType': '0', 'year': '2020', 'month': '04', 'day': '04', 'hour': '23', 'minute': '23', 'second': '23'} done!]
[2020-10-23 15:56:48,956] [devices:302] [INFO] [[用例编号：005] [接口响应值] >>> {'code': 500, 'desc': 'Master device 129191000002 offline!', 'deviceNo': None, 'transactionId': None, 'parameter': None, 'data': None}]
[2020-10-23 15:56:48,956] [devices:303] [INFO] [[用例编号：005] >>> [响应code: 200] [响应时间: 0.022935s]]
[2020-10-23 15:56:48,956] [devices:305] [INFO] [--------------------------------------------------------------------------------]
[2020-10-23 15:56:49,034] [devices:299] [INFO] [[用例编号：006] [用例标题:DeviceTime相关:对不存在的DCU设置时间] >>> POST: http://hes-api.cas.ivy/Mdm/setTime {'deviceNo': '900000000000', 'transactionId': '1', 'deviceType': '10', 'taskType': '0', 'year': '2020', 'month': '04', 'day': '04', 'hour': '23', 'minute': '23', 'second': '23'} done!]
[2020-10-23 15:56:49,035] [devices:302] [INFO] [[用例编号：006] [接口响应值] >>> {'code': 500, 'desc': 'DCU No.(900000000000) is not found', 'deviceNo': None, 'transactionId': None, 'parameter': None, 'data': None}]
[2020-10-23 15:56:49,035] [devices:303] [INFO] [[用例编号：006] >>> [响应code: 200] [响应时间: 0.023384s]]
[2020-10-23 15:56:49,036] [devices:305] [INFO] [--------------------------------------------------------------------------------]
[2020-10-23 15:56:49,092] [devices:166] [INFO] [[用例编号：007] [在excel表格B列设置为不执行，跳过！]]
[2020-10-23 15:56:49,092] [devices:166] [INFO] [[用例编号：008] [在excel表格B列设置为不执行，跳过！]]
[2020-10-23 15:56:49,093] [devices:166] [INFO] [[用例编号：009] [在excel表格B列设置为不执行，跳过！]]
[2020-10-23 15:56:49,093] [devices:166] [INFO] [[用例编号：010] [在excel表格B列设置为不执行，跳过！]]
[2020-10-23 15:56:49,093] [devices:166] [INFO] [[用例编号：011] [在excel表格B列设置为不执行，跳过！]]
[2020-10-23 15:56:49,094] [devices:166] [INFO] [[用例编号：012] [在excel表格B列设置为不执行，跳过！]]
[2020-10-23 15:56:49,094] [devices:166] [INFO] [[用例编号：013] [在excel表格B列设置为不执行，跳过！]]
[2020-10-23 15:56:49,095] [devices:166] [INFO] [[用例编号：014] [在excel表格B列设置为不执行，跳过！]]
[2020-10-23 15:56:49,095] [devices:166] [INFO] [[用例编号：015] [在excel表格B列设置为不执行，跳过！]]
[2020-10-23 15:56:49,095] [devices:166] [INFO] [[用例编号：016] [在excel表格B列设置为不执行，跳过！]]
[2020-10-23 15:56:49,095] [devices:166] [INFO] [[用例编号：017] [在excel表格B列设置为不执行，跳过！]]
[2020-10-23 15:56:49,095] [devices:166] [INFO] [[用例编号：018] [在excel表格B列设置为不执行，跳过！]]
[2020-10-23 15:56:49,098] [devices:166] [INFO] [[用例编号：019] [在excel表格B列设置为不执行，跳过！]]
[2020-10-23 15:56:49,099] [devices:123] [INFO] [====================================== [API用例表：测试报告] ===================================================]
[2020-10-23 15:56:49,099] [devices:329] [INFO] [所有任务结束花费总时间 0分 4秒]
[2020-10-23 16:07:24,515] [devices:103] [INFO] [------------------------------------- Execute TestCases -----------------------------------------------]
[2020-10-23 16:08:13,105] [devices:103] [INFO] [------------------------------------- Execute TestCases -----------------------------------------------]
[2020-10-23 16:08:13,216] [devices:123] [INFO] [====================================== [API用例表：HES API TestCase] ===================================================]
[2020-10-23 16:08:15,454] [devices:299] [INFO] [[用例编号：001] [用例标题:DeviceTime相关:对在线DCU读取时间] >>> GET: http://hes-api.cas.ivy/Mdm/getTime {'deviceNo': '119190000109', 'deviceType': '10', 'transactionId': '1', 'taskType': '0', 'api-version': '1.0'} done!]
[2020-10-23 16:08:15,455] [devices:302] [INFO] [[用例编号：001] [接口响应值] >>> {'code': 200, 'desc': 'Ok', 'deviceNo': '119190000109', 'transactionId': '1', 'parameter': None, 'data': {'year': 2020, 'month': 10, 'day': 23, 'hour': 16, 'minute': 8, 'second': 12}}]
[2020-10-23 16:08:15,455] [devices:303] [INFO] [[用例编号：001] >>> [响应code: 200] [响应时间: 2.233788s]]
[2020-10-23 16:08:15,455] [devices:305] [INFO] [--------------------------------------------------------------------------------]
[2020-10-23 16:08:15,560] [devices:299] [INFO] [[用例编号：002] [用例标题:DeviceTime相关:对离线DCU读取时间] >>> GET: http://hes-api.cas.ivy/Mdm/getTime {'deviceNo': '129191000002', 'deviceType': '10', 'transactionId': '1', 'taskType': '0', 'api-version': '1.0'} done!]
[2020-10-23 16:08:15,560] [devices:302] [INFO] [[用例编号：002] [接口响应值] >>> {'code': 500, 'desc': 'Master device 129191000002 offline!', 'deviceNo': None, 'transactionId': None, 'parameter': None, 'data': None}]
[2020-10-23 16:08:15,561] [devices:303] [INFO] [[用例编号：002] >>> [响应code: 200] [响应时间: 0.038142s]]
[2020-10-23 16:08:15,561] [devices:305] [INFO] [--------------------------------------------------------------------------------]
[2020-10-23 16:08:15,754] [devices:299] [INFO] [[用例编号：003] [用例标题:DeviceTime相关:对不存在DCU读取时间] >>> GET: http://hes-api.cas.ivy/Mdm/getTime {'deviceNo': '800000000000', 'deviceType': '10', 'transactionId': '1', 'taskType': '0', 'api-version': '1.0'} done!]
[2020-10-23 16:08:15,754] [devices:302] [INFO] [[用例编号：003] [接口响应值] >>> {'code': 500, 'desc': 'DCU No.(800000000000) is not found', 'deviceNo': None, 'transactionId': None, 'parameter': None, 'data': None}]
[2020-10-23 16:08:15,754] [devices:303] [INFO] [[用例编号：003] >>> [响应code: 200] [响应时间: 0.081595s]]
[2020-10-23 16:08:15,754] [devices:305] [INFO] [--------------------------------------------------------------------------------]
[2020-10-23 16:08:15,870] [devices:299] [INFO] [[用例编号：004] [用例标题:DeviceTime相关:对在线的DCU设置时间] >>> POST: http://hes-api.cas.ivy/Mdm/setTime {'deviceNo': '900000000000', 'transactionId': '1', 'deviceType': '10', 'taskType': '0', 'year': '2020', 'month': '04', 'day': '04', 'hour': '23', 'minute': '23', 'second': '23'} done!]
[2020-10-23 16:08:15,870] [devices:302] [INFO] [[用例编号：004] [接口响应值] >>> {'code': 500, 'desc': 'DCU No.(900000000000) is not found', 'deviceNo': None, 'transactionId': None, 'parameter': None, 'data': None}]
[2020-10-23 16:08:15,870] [devices:303] [INFO] [[用例编号：004] >>> [响应code: 200] [响应时间: 0.052980s]]
[2020-10-23 16:08:15,871] [devices:305] [INFO] [--------------------------------------------------------------------------------]
[2020-10-23 16:08:15,989] [devices:299] [INFO] [[用例编号：005] [用例标题:DeviceTime相关:对离线的DCU设置时间] >>> POST: http://hes-api.cas.ivy/Mdm/setTime {'deviceNo': '129191000002', 'transactionId': '1', 'deviceType': '10', 'taskType': '0', 'year': '2020', 'month': '04', 'day': '04', 'hour': '23', 'minute': '23', 'second': '23'} done!]
[2020-10-23 16:08:15,989] [devices:302] [INFO] [[用例编号：005] [接口响应值] >>> {'code': 500, 'desc': 'Master device 129191000002 offline!', 'deviceNo': None, 'transactionId': None, 'parameter': None, 'data': None}]
[2020-10-23 16:08:15,989] [devices:303] [INFO] [[用例编号：005] >>> [响应code: 200] [响应时间: 0.062353s]]
[2020-10-23 16:08:15,989] [devices:305] [INFO] [--------------------------------------------------------------------------------]
[2020-10-23 16:08:16,102] [devices:299] [INFO] [[用例编号：006] [用例标题:DeviceTime相关:对不存在的DCU设置时间] >>> POST: http://hes-api.cas.ivy/Mdm/setTime {'deviceNo': '900000000000', 'transactionId': '1', 'deviceType': '10', 'taskType': '0', 'year': '2020', 'month': '04', 'day': '04', 'hour': '23', 'minute': '23', 'second': '23'} done!]
[2020-10-23 16:08:16,103] [devices:302] [INFO] [[用例编号：006] [接口响应值] >>> {'code': 500, 'desc': 'DCU No.(900000000000) is not found', 'deviceNo': None, 'transactionId': None, 'parameter': None, 'data': None}]
[2020-10-23 16:08:16,103] [devices:303] [INFO] [[用例编号：006] >>> [响应code: 200] [响应时间: 0.056805s]]
[2020-10-23 16:08:16,103] [devices:305] [INFO] [--------------------------------------------------------------------------------]
[2020-10-23 16:08:16,157] [devices:166] [INFO] [[用例编号：007] [在excel表格B列设置为不执行，跳过！]]
[2020-10-23 16:08:16,158] [devices:166] [INFO] [[用例编号：008] [在excel表格B列设置为不执行，跳过！]]
[2020-10-23 16:08:16,159] [devices:166] [INFO] [[用例编号：009] [在excel表格B列设置为不执行，跳过！]]
[2020-10-23 16:08:16,159] [devices:166] [INFO] [[用例编号：010] [在excel表格B列设置为不执行，跳过！]]
[2020-10-23 16:08:16,160] [devices:166] [INFO] [[用例编号：011] [在excel表格B列设置为不执行，跳过！]]
[2020-10-23 16:08:16,160] [devices:166] [INFO] [[用例编号：012] [在excel表格B列设置为不执行，跳过！]]
[2020-10-23 16:08:16,160] [devices:166] [INFO] [[用例编号：013] [在excel表格B列设置为不执行，跳过！]]
[2020-10-23 16:08:16,161] [devices:166] [INFO] [[用例编号：014] [在excel表格B列设置为不执行，跳过！]]
[2020-10-23 16:08:16,161] [devices:166] [INFO] [[用例编号：015] [在excel表格B列设置为不执行，跳过！]]
[2020-10-23 16:08:16,161] [devices:166] [INFO] [[用例编号：016] [在excel表格B列设置为不执行，跳过！]]
[2020-10-23 16:08:16,161] [devices:166] [INFO] [[用例编号：017] [在excel表格B列设置为不执行，跳过！]]
[2020-10-23 16:08:16,162] [devices:166] [INFO] [[用例编号：018] [在excel表格B列设置为不执行，跳过！]]
[2020-10-23 16:08:16,162] [devices:166] [INFO] [[用例编号：019] [在excel表格B列设置为不执行，跳过！]]
[2020-10-23 16:08:16,162] [devices:123] [INFO] [====================================== [API用例表：测试报告] ===================================================]
[2020-10-23 16:08:16,162] [devices:329] [INFO] [所有任务结束花费总时间 0分 3秒]
[2020-10-23 16:08:25,383] [devices:103] [INFO] [------------------------------------- Execute TestCases -----------------------------------------------]
[2020-10-23 16:08:33,933] [devices:103] [INFO] [------------------------------------- Execute TestCases -----------------------------------------------]
[2020-10-23 16:08:34,058] [devices:123] [INFO] [====================================== [API用例表：HES API TestCase] ===================================================]
[2020-10-23 16:08:36,848] [devices:299] [INFO] [[用例编号：001] [用例标题:DeviceTime相关:对在线DCU读取时间] >>> GET: http://hes-api.cas.ivy/Mdm/getTime {'deviceNo': '119190000109', 'deviceType': '10', 'transactionId': '1', 'taskType': '0', 'api-version': '1.0'} done!]
[2020-10-23 16:08:36,848] [devices:302] [INFO] [[用例编号：001] [接口响应值] >>> {'code': 200, 'desc': 'Ok', 'deviceNo': '119190000109', 'transactionId': '1', 'parameter': None, 'data': {'year': 2020, 'month': 10, 'day': 23, 'hour': 16, 'minute': 8, 'second': 33}}]
[2020-10-23 16:08:36,848] [devices:303] [INFO] [[用例编号：001] >>> [响应code: 200] [响应时间: 2.784614s]]
[2020-10-23 16:08:36,848] [devices:305] [INFO] [--------------------------------------------------------------------------------]
[2020-10-23 16:08:36,998] [devices:299] [INFO] [[用例编号：002] [用例标题:DeviceTime相关:对离线DCU读取时间] >>> GET: http://hes-api.cas.ivy/Mdm/getTime {'deviceNo': '129191000002', 'deviceType': '10', 'transactionId': '1', 'taskType': '0', 'api-version': '1.0'} done!]
[2020-10-23 16:08:36,999] [devices:302] [INFO] [[用例编号：002] [接口响应值] >>> {'code': 500, 'desc': 'Master device 129191000002 offline!', 'deviceNo': None, 'transactionId': None, 'parameter': None, 'data': None}]
[2020-10-23 16:08:36,999] [devices:303] [INFO] [[用例编号：002] >>> [响应code: 200] [响应时间: 0.090833s]]
[2020-10-23 16:08:36,999] [devices:305] [INFO] [--------------------------------------------------------------------------------]
[2020-10-23 16:08:37,095] [devices:299] [INFO] [[用例编号：003] [用例标题:DeviceTime相关:对不存在DCU读取时间] >>> GET: http://hes-api.cas.ivy/Mdm/getTime {'deviceNo': '800000000000', 'deviceType': '10', 'transactionId': '1', 'taskType': '0', 'api-version': '1.0'} done!]
[2020-10-23 16:08:37,095] [devices:302] [INFO] [[用例编号：003] [接口响应值] >>> {'code': 500, 'desc': 'DCU No.(800000000000) is not found', 'deviceNo': None, 'transactionId': None, 'parameter': None, 'data': None}]
[2020-10-23 16:08:37,096] [devices:303] [INFO] [[用例编号：003] >>> [响应code: 200] [响应时间: 0.035332s]]
[2020-10-23 16:08:37,096] [devices:305] [INFO] [--------------------------------------------------------------------------------]
[2020-10-23 16:08:37,247] [devices:299] [INFO] [[用例编号：004] [用例标题:DeviceTime相关:对在线的DCU设置时间] >>> POST: http://hes-api.cas.ivy/Mdm/setTime {'deviceNo': '900000000000', 'transactionId': '1', 'deviceType': '10', 'taskType': '0', 'year': '2020', 'month': '04', 'day': '04', 'hour': '23', 'minute': '23', 'second': '23'} done!]
[2020-10-23 16:08:37,248] [devices:302] [INFO] [[用例编号：004] [接口响应值] >>> {'code': 500, 'desc': 'DCU No.(900000000000) is not found', 'deviceNo': None, 'transactionId': None, 'parameter': None, 'data': None}]
[2020-10-23 16:08:37,248] [devices:303] [INFO] [[用例编号：004] >>> [响应code: 200] [响应时间: 0.054642s]]
[2020-10-23 16:08:37,248] [devices:305] [INFO] [--------------------------------------------------------------------------------]
[2020-10-23 16:08:37,357] [devices:299] [INFO] [[用例编号：005] [用例标题:DeviceTime相关:对离线的DCU设置时间] >>> POST: http://hes-api.cas.ivy/Mdm/setTime {'deviceNo': '129191000002', 'transactionId': '1', 'deviceType': '10', 'taskType': '0', 'year': '2020', 'month': '04', 'day': '04', 'hour': '23', 'minute': '23', 'second': '23'} done!]
[2020-10-23 16:08:37,357] [devices:302] [INFO] [[用例编号：005] [接口响应值] >>> {'code': 500, 'desc': 'Master device 129191000002 offline!', 'deviceNo': None, 'transactionId': None, 'parameter': None, 'data': None}]
[2020-10-23 16:08:37,357] [devices:303] [INFO] [[用例编号：005] >>> [响应code: 200] [响应时间: 0.056244s]]
[2020-10-23 16:08:37,357] [devices:305] [INFO] [--------------------------------------------------------------------------------]
[2020-10-23 16:08:37,474] [devices:299] [INFO] [[用例编号：006] [用例标题:DeviceTime相关:对不存在的DCU设置时间] >>> POST: http://hes-api.cas.ivy/Mdm/setTime {'deviceNo': '900000000000', 'transactionId': '1', 'deviceType': '10', 'taskType': '0', 'year': '2020', 'month': '04', 'day': '04', 'hour': '23', 'minute': '23', 'second': '23'} done!]
[2020-10-23 16:08:37,474] [devices:302] [INFO] [[用例编号：006] [接口响应值] >>> {'code': 500, 'desc': 'DCU No.(900000000000) is not found', 'deviceNo': None, 'transactionId': None, 'parameter': None, 'data': None}]
[2020-10-23 16:08:37,474] [devices:303] [INFO] [[用例编号：006] >>> [响应code: 200] [响应时间: 0.053408s]]
[2020-10-23 16:08:37,475] [devices:305] [INFO] [--------------------------------------------------------------------------------]
[2020-10-23 16:08:37,529] [devices:166] [INFO] [[用例编号：007] [在excel表格B列设置为不执行，跳过！]]
[2020-10-23 16:08:37,529] [devices:166] [INFO] [[用例编号：008] [在excel表格B列设置为不执行，跳过！]]
[2020-10-23 16:08:37,530] [devices:166] [INFO] [[用例编号：009] [在excel表格B列设置为不执行，跳过！]]
[2020-10-23 16:08:37,530] [devices:166] [INFO] [[用例编号：010] [在excel表格B列设置为不执行，跳过！]]
[2020-10-23 16:08:37,530] [devices:166] [INFO] [[用例编号：011] [在excel表格B列设置为不执行，跳过！]]
[2020-10-23 16:08:37,530] [devices:166] [INFO] [[用例编号：012] [在excel表格B列设置为不执行，跳过！]]
[2020-10-23 16:08:37,531] [devices:166] [INFO] [[用例编号：013] [在excel表格B列设置为不执行，跳过！]]
[2020-10-23 16:08:37,531] [devices:166] [INFO] [[用例编号：014] [在excel表格B列设置为不执行，跳过！]]
[2020-10-23 16:08:37,531] [devices:166] [INFO] [[用例编号：015] [在excel表格B列设置为不执行，跳过！]]
[2020-10-23 16:08:37,531] [devices:166] [INFO] [[用例编号：016] [在excel表格B列设置为不执行，跳过！]]
[2020-10-23 16:08:37,531] [devices:166] [INFO] [[用例编号：017] [在excel表格B列设置为不执行，跳过！]]
[2020-10-23 16:08:37,532] [devices:166] [INFO] [[用例编号：018] [在excel表格B列设置为不执行，跳过！]]
[2020-10-23 16:08:37,532] [devices:166] [INFO] [[用例编号：019] [在excel表格B列设置为不执行，跳过！]]
[2020-10-23 16:08:37,532] [devices:123] [INFO] [====================================== [API用例表：测试报告] ===================================================]
[2020-10-23 16:08:37,532] [devices:329] [INFO] [所有任务结束花费总时间 0分 4秒]
[2020-10-23 16:11:21,300] [devices:103] [INFO] [------------------------------------- Execute TestCases -----------------------------------------------]
[2020-10-23 16:12:01,102] [devices:103] [INFO] [------------------------------------- Execute TestCases -----------------------------------------------]
[2020-10-23 16:13:12,723] [devices:103] [INFO] [------------------------------------- Execute TestCases -----------------------------------------------]
[2020-10-23 16:13:41,517] [devices:103] [INFO] [------------------------------------- Execute TestCases -----------------------------------------------]
[2020-10-23 16:14:00,794] [devices:103] [INFO] [------------------------------------- Execute TestCases -----------------------------------------------]
[2020-10-23 16:14:47,541] [devices:103] [INFO] [------------------------------------- Execute TestCases -----------------------------------------------]
[2020-10-23 16:14:47,671] [devices:127] [INFO] [====================================== [API用例表：HES API TestCase] ===================================================]
[2020-10-23 16:14:49,602] [devices:303] [INFO] [[用例编号：001] [用例标题:DeviceTime相关:对在线DCU读取时间] >>> GET: http://hes-api.cas.ivy/Mdm/getTime {'deviceNo': '119190000109', 'deviceType': '10', 'transactionId': '1', 'taskType': '0', 'api-version': '1.0'} done!]
[2020-10-23 16:14:49,603] [devices:306] [INFO] [[用例编号：001] [接口响应值] >>> {'code': 200, 'desc': 'Ok', 'deviceNo': '119190000109', 'transactionId': '1', 'parameter': None, 'data': {'year': 2020, 'month': 10, 'day': 23, 'hour': 16, 'minute': 14, 'second': 46}}]
[2020-10-23 16:14:49,604] [devices:307] [INFO] [[用例编号：001] >>> [响应code: 200] [响应时间: 1.926343s]]
[2020-10-23 16:14:49,604] [devices:309] [INFO] [--------------------------------------------------------------------------------]
[2020-10-23 16:14:49,700] [devices:303] [INFO] [[用例编号：002] [用例标题:DeviceTime相关:对离线DCU读取时间] >>> GET: http://hes-api.cas.ivy/Mdm/getTime {'deviceNo': '129191000002', 'deviceType': '10', 'transactionId': '1', 'taskType': '0', 'api-version': '1.0'} done!]
[2020-10-23 16:14:49,701] [devices:306] [INFO] [[用例编号：002] [接口响应值] >>> {'code': 500, 'desc': 'Master device 129191000002 offline!', 'deviceNo': None, 'transactionId': None, 'parameter': None, 'data': None}]
[2020-10-23 16:14:49,701] [devices:307] [INFO] [[用例编号：002] >>> [响应code: 200] [响应时间: 0.034509s]]
[2020-10-23 16:14:49,701] [devices:309] [INFO] [--------------------------------------------------------------------------------]
[2020-10-23 16:14:50,611] [devices:303] [INFO] [[用例编号：003] [用例标题:DeviceTime相关:对不存在DCU读取时间] >>> GET: http://hes-api.cas.ivy/Mdm/getTime {'deviceNo': '800000000000', 'deviceType': '10', 'transactionId': '1', 'taskType': '0', 'api-version': '1.0'} done!]
[2020-10-23 16:14:50,612] [devices:306] [INFO] [[用例编号：003] [接口响应值] >>> {'code': 500, 'desc': 'DCU No.(800000000000) is not found', 'deviceNo': None, 'transactionId': None, 'parameter': None, 'data': None}]
[2020-10-23 16:14:50,612] [devices:307] [INFO] [[用例编号：003] >>> [响应code: 200] [响应时间: 0.855742s]]
[2020-10-23 16:14:50,612] [devices:309] [INFO] [--------------------------------------------------------------------------------]
[2020-10-23 16:14:50,707] [devices:303] [INFO] [[用例编号：004] [用例标题:DeviceTime相关:对在线的DCU设置时间] >>> POST: http://hes-api.cas.ivy/Mdm/setTime {'deviceNo': '900000000000', 'transactionId': '1', 'deviceType': '10', 'taskType': '0', 'year': '2020', 'month': '04', 'day': '04', 'hour': '23', 'minute': '23', 'second': '23'} done!]
[2020-10-23 16:14:50,707] [devices:306] [INFO] [[用例编号：004] [接口响应值] >>> {'code': 500, 'desc': 'DCU No.(900000000000) is not found', 'deviceNo': None, 'transactionId': None, 'parameter': None, 'data': None}]
[2020-10-23 16:14:50,708] [devices:307] [INFO] [[用例编号：004] >>> [响应code: 200] [响应时间: 0.039341s]]
[2020-10-23 16:14:50,708] [devices:309] [INFO] [--------------------------------------------------------------------------------]
[2020-10-23 16:14:50,876] [devices:303] [INFO] [[用例编号：005] [用例标题:DeviceTime相关:对离线的DCU设置时间] >>> POST: http://hes-api.cas.ivy/Mdm/setTime {'deviceNo': '129191000002', 'transactionId': '1', 'deviceType': '10', 'taskType': '0', 'year': '2020', 'month': '04', 'day': '04', 'hour': '23', 'minute': '23', 'second': '23'} done!]
[2020-10-23 16:14:50,876] [devices:306] [INFO] [[用例编号：005] [接口响应值] >>> {'code': 500, 'desc': 'Master device 129191000002 offline!', 'deviceNo': None, 'transactionId': None, 'parameter': None, 'data': None}]
[2020-10-23 16:14:50,877] [devices:307] [INFO] [[用例编号：005] >>> [响应code: 200] [响应时间: 0.107784s]]
[2020-10-23 16:14:50,877] [devices:309] [INFO] [--------------------------------------------------------------------------------]
[2020-10-23 16:14:50,974] [devices:303] [INFO] [[用例编号：006] [用例标题:DeviceTime相关:对不存在的DCU设置时间] >>> POST: http://hes-api.cas.ivy/Mdm/setTime {'deviceNo': '900000000000', 'transactionId': '1', 'deviceType': '10', 'taskType': '0', 'year': '2020', 'month': '04', 'day': '04', 'hour': '23', 'minute': '23', 'second': '23'} done!]
[2020-10-23 16:14:50,974] [devices:306] [INFO] [[用例编号：006] [接口响应值] >>> {'code': 500, 'desc': 'DCU No.(900000000000) is not found', 'deviceNo': None, 'transactionId': None, 'parameter': None, 'data': None}]
[2020-10-23 16:14:50,974] [devices:307] [INFO] [[用例编号：006] >>> [响应code: 200] [响应时间: 0.028979s]]
[2020-10-23 16:14:50,974] [devices:309] [INFO] [--------------------------------------------------------------------------------]
[2020-10-23 16:14:51,029] [devices:170] [INFO] [[用例编号：007] [在excel表格B列设置为不执行，跳过！]]
[2020-10-23 16:14:51,030] [devices:170] [INFO] [[用例编号：008] [在excel表格B列设置为不执行，跳过！]]
[2020-10-23 16:14:51,030] [devices:170] [INFO] [[用例编号：009] [在excel表格B列设置为不执行，跳过！]]
[2020-10-23 16:14:51,030] [devices:170] [INFO] [[用例编号：010] [在excel表格B列设置为不执行，跳过！]]
[2020-10-23 16:14:51,031] [devices:170] [INFO] [[用例编号：011] [在excel表格B列设置为不执行，跳过！]]
[2020-10-23 16:14:51,031] [devices:170] [INFO] [[用例编号：012] [在excel表格B列设置为不执行，跳过！]]
[2020-10-23 16:14:51,031] [devices:170] [INFO] [[用例编号：013] [在excel表格B列设置为不执行，跳过！]]
[2020-10-23 16:14:51,031] [devices:170] [INFO] [[用例编号：014] [在excel表格B列设置为不执行，跳过！]]
[2020-10-23 16:14:51,032] [devices:170] [INFO] [[用例编号：015] [在excel表格B列设置为不执行，跳过！]]
[2020-10-23 16:14:51,032] [devices:170] [INFO] [[用例编号：016] [在excel表格B列设置为不执行，跳过！]]
[2020-10-23 16:14:51,032] [devices:170] [INFO] [[用例编号：017] [在excel表格B列设置为不执行，跳过！]]
[2020-10-23 16:14:51,032] [devices:170] [INFO] [[用例编号：018] [在excel表格B列设置为不执行，跳过！]]
[2020-10-23 16:14:51,033] [devices:170] [INFO] [[用例编号：019] [在excel表格B列设置为不执行，跳过！]]
[2020-10-23 16:14:51,033] [devices:127] [INFO] [====================================== [API用例表：测试报告] ===================================================]
[2020-10-23 16:14:51,033] [devices:333] [INFO] [所有任务结束花费总时间 0分 4秒]
[2020-10-23 18:10:38,002] [devices:103] [INFO] [------------------------------------- Execute TestCases -----------------------------------------------]
[2020-10-23 18:10:38,120] [devices:127] [INFO] [====================================== [API用例表：HES API TestCase] ===================================================]
[2020-10-23 18:10:41,694] [devices:303] [INFO] [[用例编号：001] [用例标题:DeviceTime相关:对在线DCU读取时间] >>> GET: http://hes-api.cas.ivy/Mdm/getTime {'deviceNo': '119190000109', 'deviceType': '10', 'transactionId': '1', 'taskType': '0', 'api-version': '1.0'} done!]
[2020-10-23 18:10:41,696] [devices:306] [INFO] [[用例编号：001] [接口响应值] >>> {'code': 200, 'desc': 'Ok', 'deviceNo': '119190000109', 'transactionId': '1', 'parameter': None, 'data': {'year': 2020, 'month': 10, 'day': 23, 'hour': 18, 'minute': 10, 'second': 38}}]
[2020-10-23 18:10:41,697] [devices:307] [INFO] [[用例编号：001] >>> [响应code: 200] [响应时间: 3.559664s]]
[2020-10-23 18:10:41,697] [devices:309] [INFO] [--------------------------------------------------------------------------------]
[2020-10-23 18:10:41,902] [devices:303] [INFO] [[用例编号：002] [用例标题:DeviceTime相关:对离线DCU读取时间] >>> GET: http://hes-api.cas.ivy/Mdm/getTime {'deviceNo': '129191000002', 'deviceType': '10', 'transactionId': '1', 'taskType': '0', 'api-version': '1.0'} done!]
[2020-10-23 18:10:41,902] [devices:306] [INFO] [[用例编号：002] [接口响应值] >>> {'code': 500, 'desc': 'Master device 129191000002 offline!', 'deviceNo': None, 'transactionId': None, 'parameter': None, 'data': None}]
[2020-10-23 18:10:41,903] [devices:307] [INFO] [[用例编号：002] >>> [响应code: 200] [响应时间: 0.030757s]]
[2020-10-23 18:10:41,903] [devices:309] [INFO] [--------------------------------------------------------------------------------]
[2020-10-23 18:10:42,003] [devices:303] [INFO] [[用例编号：003] [用例标题:DeviceTime相关:对不存在DCU读取时间] >>> GET: http://hes-api.cas.ivy/Mdm/getTime {'deviceNo': '800000000000', 'deviceType': '10', 'transactionId': '1', 'taskType': '0', 'api-version': '1.0'} done!]
[2020-10-23 18:10:42,004] [devices:306] [INFO] [[用例编号：003] [接口响应值] >>> {'code': 500, 'desc': 'DCU No.(800000000000) is not found', 'deviceNo': None, 'transactionId': None, 'parameter': None, 'data': None}]
[2020-10-23 18:10:42,004] [devices:307] [INFO] [[用例编号：003] >>> [响应code: 200] [响应时间: 0.031925s]]
[2020-10-23 18:10:42,004] [devices:309] [INFO] [--------------------------------------------------------------------------------]
[2020-10-23 18:10:42,098] [devices:303] [INFO] [[用例编号：004] [用例标题:DeviceTime相关:对在线的DCU设置时间] >>> POST: http://hes-api.cas.ivy/Mdm/setTime {'deviceNo': '900000000000', 'transactionId': '1', 'deviceType': '10', 'taskType': '0', 'year': '2020', 'month': '04', 'day': '04', 'hour': '23', 'minute': '23', 'second': '23'} done!]
[2020-10-23 18:10:42,109] [devices:306] [INFO] [[用例编号：004] [接口响应值] >>> {'code': 500, 'desc': 'DCU No.(900000000000) is not found', 'deviceNo': None, 'transactionId': None, 'parameter': None, 'data': None}]
[2020-10-23 18:10:42,109] [devices:307] [INFO] [[用例编号：004] >>> [响应code: 200] [响应时间: 0.029599s]]
[2020-10-23 18:10:42,109] [devices:309] [INFO] [--------------------------------------------------------------------------------]
[2020-10-23 18:10:42,206] [devices:303] [INFO] [[用例编号：005] [用例标题:DeviceTime相关:对离线的DCU设置时间] >>> POST: http://hes-api.cas.ivy/Mdm/setTime {'deviceNo': '129191000002', 'transactionId': '1', 'deviceType': '10', 'taskType': '0', 'year': '2020', 'month': '04', 'day': '04', 'hour': '23', 'minute': '23', 'second': '23'} done!]
[2020-10-23 18:10:42,206] [devices:306] [INFO] [[用例编号：005] [接口响应值] >>> {'code': 500, 'desc': 'Master device 129191000002 offline!', 'deviceNo': None, 'transactionId': None, 'parameter': None, 'data': None}]
[2020-10-23 18:10:42,207] [devices:307] [INFO] [[用例编号：005] >>> [响应code: 200] [响应时间: 0.032231s]]
[2020-10-23 18:10:42,207] [devices:309] [INFO] [--------------------------------------------------------------------------------]
[2020-10-23 18:10:42,292] [devices:303] [INFO] [[用例编号：006] [用例标题:DeviceTime相关:对不存在的DCU设置时间] >>> POST: http://hes-api.cas.ivy/Mdm/setTime {'deviceNo': '900000000000', 'transactionId': '1', 'deviceType': '10', 'taskType': '0', 'year': '2020', 'month': '04', 'day': '04', 'hour': '23', 'minute': '23', 'second': '23'} done!]
[2020-10-23 18:10:42,293] [devices:306] [INFO] [[用例编号：006] [接口响应值] >>> {'code': 500, 'desc': 'DCU No.(900000000000) is not found', 'deviceNo': None, 'transactionId': None, 'parameter': None, 'data': None}]
[2020-10-23 18:10:42,294] [devices:307] [INFO] [[用例编号：006] >>> [响应code: 200] [响应时间: 0.027330s]]
[2020-10-23 18:10:42,295] [devices:309] [INFO] [--------------------------------------------------------------------------------]
[2020-10-23 18:10:42,353] [devices:170] [INFO] [[用例编号：007] [在excel表格B列设置为不执行，跳过！]]
[2020-10-23 18:10:42,353] [devices:170] [INFO] [[用例编号：008] [在excel表格B列设置为不执行，跳过！]]
[2020-10-23 18:10:42,353] [devices:170] [INFO] [[用例编号：009] [在excel表格B列设置为不执行，跳过！]]
[2020-10-23 18:10:42,354] [devices:170] [INFO] [[用例编号：010] [在excel表格B列设置为不执行，跳过！]]
[2020-10-23 18:10:42,354] [devices:170] [INFO] [[用例编号：011] [在excel表格B列设置为不执行，跳过！]]
[2020-10-23 18:10:42,354] [devices:170] [INFO] [[用例编号：012] [在excel表格B列设置为不执行，跳过！]]
[2020-10-23 18:10:42,354] [devices:170] [INFO] [[用例编号：013] [在excel表格B列设置为不执行，跳过！]]
[2020-10-23 18:10:42,355] [devices:170] [INFO] [[用例编号：014] [在excel表格B列设置为不执行，跳过！]]
[2020-10-23 18:10:42,355] [devices:170] [INFO] [[用例编号：015] [在excel表格B列设置为不执行，跳过！]]
[2020-10-23 18:10:42,355] [devices:170] [INFO] [[用例编号：016] [在excel表格B列设置为不执行，跳过！]]
[2020-10-23 18:10:42,357] [devices:170] [INFO] [[用例编号：017] [在excel表格B列设置为不执行，跳过！]]
[2020-10-23 18:10:42,357] [devices:170] [INFO] [[用例编号：018] [在excel表格B列设置为不执行，跳过！]]
[2020-10-23 18:10:42,357] [devices:170] [INFO] [[用例编号：019] [在excel表格B列设置为不执行，跳过！]]
[2020-10-23 18:10:42,357] [devices:127] [INFO] [====================================== [API用例表：测试报告] ===================================================]
[2020-10-23 18:10:42,359] [devices:333] [INFO] [所有任务结束花费总时间 0分 4秒]
